<?xml version="1.0" encoding="UTF-8"?>
<!-- Generated by org.testng.reporters.JUnitReportReporter -->
<testsuite skipped="0" hostname="DESKTOP-HLCBEGC" name="maven.AppiumTest" tests="2" failures="0" timestamp="2020-06-22T17:06:08 IST" time="0.016" errors="0">
  <testcase name="NativeApp" time="0.000" classname="maven.AppiumTest"/>
  <system-out/>
  <testcase name="HybrideApp" time="0.016" classname="maven.AppiumTest"/>
  <system-out/>
</testsuite> <!-- maven.AppiumTest -->
