<?xml version="1.0" encoding="UTF-8"?>
<!-- Generated by org.testng.reporters.JUnitReportReporter -->
<testsuite skipped="0" hostname="DESKTOP-HLCBEGC" name="maven.RestAPITest" tests="2" failures="0" timestamp="2020-06-22T17:05:44 IST" time="0.001" errors="0">
  <testcase name="RetestDefects" time="0.001" classname="maven.RestAPITest"/>
  <system-out/>
  <testcase name="JIRADefects" time="0.000" classname="maven.RestAPITest"/>
  <system-out/>
</testsuite> <!-- maven.RestAPITest -->
