<?xml version="1.0" encoding="UTF-8"?>
<!-- Generated by org.testng.reporters.JUnitReportReporter -->
<testsuite skipped="0" hostname="DESKTOP-HLCBEGC" name="maven.SeleniumTest" tests="2" failures="0" timestamp="2020-06-22T17:06:08 IST" time="0.000" errors="0">
  <testcase name="BrowserAutomation" time="0.000" classname="maven.SeleniumTest"/>
  <system-out/>
  <testcase name="HomePageUI" time="0.000" classname="maven.SeleniumTest"/>
  <system-out/>
</testsuite> <!-- maven.SeleniumTest -->
